<?xml version="1.0" encoding="UTF-8"?>
<robot generator="Robot 7.0 (Python 3.12.2 on win32)" generated="2024-03-20T13:14:02.056353" rpa="false" schemaversion="5">
<suite id="s1" name="Test" source="C:\Users\AbdullahAmir\PycharmProjects\automation\test.robot">
<test id="s1-t1" name="TC 1: Open the BSS Website" line="6">
<kw name="Given I Open the BSS Website" owner="dummy">
<kw name="Open Browser" owner="SeleniumLibrary">
<msg time="2024-03-20T13:14:02.506076" level="INFO">Opening browser 'Chrome' to base url 'https://projects.boundlesstechnologies.net/bss/'.</msg>
<arg>${WEBSITE_URL}</arg>
<arg>${BROWSER}</arg>
<doc>Opens a new browser instance to the optional ``url``.</doc>
<status status="PASS" start="2024-03-20T13:14:02.505077" elapsed="9.957259"/>
</kw>
<kw name="Maximize Browser Window" owner="SeleniumLibrary">
<msg time="2024-03-20T13:14:12.467808" level="WARN">Keyword 'Capture Page Screenshot' could not be run on failure: Message: no such window: target window already closed
from unknown error: web view not found
  (Session info: chrome=122.0.6261.129)
Stacktrace:
	GetHandleVerifier [0x00007FF62049AD02+56930]
	(No symbol) [0x00007FF62040F602]
	(No symbol) [0x00007FF6202C42E5]
	(No symbol) [0x00007FF6202A1D4C]
	(No symbol) [0x00007FF6203323F7]
	(No symbol) [0x00007FF620347891]
	(No symbol) [0x00007FF62032BA43]
	(No symbol) [0x00007FF6202FD438]
	(No symbol) [0x00007FF6202FE4D1]
	GetHandleVerifier [0x00007FF620816F8D+3711213]
	GetHandleVerifier [0x00007FF6208704CD+4077101]
	GetHandleVerifier [0x00007FF62086865F+4044735]
	GetHandleVerifier [0x00007FF620539736+706710]
	(No symbol) [0x00007FF62041B8DF]
	(No symbol) [0x00007FF620416AC4]
	(No symbol) [0x00007FF620416C1C]
	(No symbol) [0x00007FF6204068D4]
	BaseThreadInitThunk [0x00007FFFE763257D+29]
	RtlUserThreadStart [0x00007FFFE8FCAA58+40]
</msg>
<msg time="2024-03-20T13:14:12.471307" level="FAIL">NoSuchWindowException: Message: no such window: target window already closed
from unknown error: web view not found
  (Session info: chrome=122.0.6261.129)
Stacktrace:
	GetHandleVerifier [0x00007FF62049AD02+56930]
	(No symbol) [0x00007FF62040F602]
	(No symbol) [0x00007FF6202C42E5]
	(No symbol) [0x00007FF6202A1D4C]
	(No symbol) [0x00007FF6203323F7]
	(No symbol) [0x00007FF620347891]
	(No symbol) [0x00007FF62032BA43]
	(No symbol) [0x00007FF6202FD438]
	(No symbol) [0x00007FF6202FE4D1]
	GetHandleVerifier [0x00007FF620816F8D+3711213]
	GetHandleVerifier [0x00007FF6208704CD+4077101]
	GetHandleVerifier [0x00007FF62086865F+4044735]
	GetHandleVerifier [0x00007FF620539736+706710]
	(No symbol) [0x00007FF62041B8DF]
	(No symbol) [0x00007FF620416AC4]
	(No symbol) [0x00007FF620416C1C]
	(No symbol) [0x00007FF6204068D4]
	BaseThreadInitThunk [0x00007FFFE763257D+29]
	RtlUserThreadStart [0x00007FFFE8FCAA58+40]
</msg>
<doc>Maximizes current browser window.</doc>
<status status="FAIL" start="2024-03-20T13:14:12.462336" elapsed="0.117160">NoSuchWindowException: Message: no such window: target window already closed
from unknown error: web view not found
  (Session info: chrome=122.0.6261.129)
Stacktrace:
	GetHandleVerifier [0x00007FF62049AD02+56930]
	(No symbol) [0x00007FF62040F602]
	(No symbol) [0x00007FF6202C42E5]
	(No symbol) [0x00007FF6202A1D4C]
	(No symbol) [0x00007FF6203323F7]
	(No symbol) [0x00007FF620347891]
	(No symbol) [0x00007FF62032BA43]
	(No symbol) [0x00007FF6202FD438]
	(No symbol) [0x00007FF6202FE4D1]
	GetHandleVerifier [0x00007FF620816F8D+3711213]
	GetHandleVerifier [0x00007FF6208704CD+4077101]
	GetHandleVerifier [0x00007FF62086865F+4044735]
	GetHandleVerifier [0x00007FF620539736+706710]
	(No symbol) [0x00007FF62041B8DF]
	(No symbol) [0x00007FF620416AC4]
	(No symbol) [0x00007FF620416C1C]
	(No symbol) [0x00007FF6204068D4]
	BaseThreadInitThunk [0x00007FFFE763257D+29]
	RtlUserThreadStart [0x00007FFFE8FCAA58+40]
</status>
</kw>
<kw name="Sleep" owner="BuiltIn">
<arg>3s</arg>
<doc>Pauses the test executed for the given time.</doc>
<status status="NOT RUN" start="2024-03-20T13:14:12.579496" elapsed="0.000000"/>
</kw>
<status status="FAIL" start="2024-03-20T13:14:02.504092" elapsed="10.076410">NoSuchWindowException: Message: no such window: target window already closed
from unknown error: web view not found
  (Session info: chrome=122.0.6261.129)
Stacktrace:
	GetHandleVerifier [0x00007FF62049AD02+56930]
	(No symbol) [0x00007FF62040F602]
	(No symbol) [0x00007FF6202C42E5]
	(No symbol) [0x00007FF6202A1D4C]
	(No symbol) [0x00007FF6203323F7]
	(No symbol) [0x00007FF620347891]
	(No symbol) [0x00007FF62032BA43]
	(No symbol) [0x00007FF6202FD438]
	(No symbol) [0x00007FF6202FE4D1]
	GetHandleVerifier [0x00007FF620816F8D+3711213]
	GetHandleVerifier [0x00007FF6208704CD+4077101]
	GetHandleVerifier [0x00007FF62086865F+4044735]
	GetHandleVerifier [0x00007FF620539736+706710]
	(No symbol) [0x00007FF62041B8DF]
	(No symbol) [0x00007FF620416AC4]
	(No symbol) [0x00007FF620416C1C]
	(No symbol) [0x00007FF6204068D4]
	BaseThreadInitThunk [0x00007FFFE763257D+29]
	RtlUserThreadStart [0x00007FFFE8FCAA58+40]
</status>
</kw>
<kw name="When I Click on the Contact Us Tab" owner="dummy">
<status status="NOT RUN" start="2024-03-20T13:14:12.580502" elapsed="0.000000"/>
</kw>
<status status="FAIL" start="2024-03-20T13:14:02.503108" elapsed="10.077394">NoSuchWindowException: Message: no such window: target window already closed
from unknown error: web view not found
  (Session info: chrome=122.0.6261.129)
Stacktrace:
	GetHandleVerifier [0x00007FF62049AD02+56930]
	(No symbol) [0x00007FF62040F602]
	(No symbol) [0x00007FF6202C42E5]
	(No symbol) [0x00007FF6202A1D4C]
	(No symbol) [0x00007FF6203323F7]
	(No symbol) [0x00007FF620347891]
	(No symbol) [0x00007FF62032BA43]
	(No symbol) [0x00007FF6202FD438]
	(No symbol) [0x00007FF6202FE4D1]
	GetHandleVerifier [0x00007FF620816F8D+3711213]
	GetHandleVerifier [0x00007FF6208704CD+4077101]
	GetHandleVerifier [0x00007FF62086865F+4044735]
	GetHandleVerifier [0x00007FF620539736+706710]
	(No symbol) [0x00007FF62041B8DF]
	(No symbol) [0x00007FF620416AC4]
	(No symbol) [0x00007FF620416C1C]
	(No symbol) [0x00007FF6204068D4]
	BaseThreadInitThunk [0x00007FFFE763257D+29]
	RtlUserThreadStart [0x00007FFFE8FCAA58+40]
</status>
</test>
<status status="FAIL" start="2024-03-20T13:14:02.059352" elapsed="10.522411"/>
</suite>
<statistics>
<total>
<stat pass="0" fail="1" skip="0">All Tests</stat>
</total>
<tag>
</tag>
<suite>
<stat pass="0" fail="1" skip="0" id="s1" name="Test">Test</stat>
</suite>
</statistics>
<errors>
<msg time="2024-03-20T13:14:12.467808" level="WARN">Keyword 'Capture Page Screenshot' could not be run on failure: Message: no such window: target window already closed
from unknown error: web view not found
  (Session info: chrome=122.0.6261.129)
Stacktrace:
	GetHandleVerifier [0x00007FF62049AD02+56930]
	(No symbol) [0x00007FF62040F602]
	(No symbol) [0x00007FF6202C42E5]
	(No symbol) [0x00007FF6202A1D4C]
	(No symbol) [0x00007FF6203323F7]
	(No symbol) [0x00007FF620347891]
	(No symbol) [0x00007FF62032BA43]
	(No symbol) [0x00007FF6202FD438]
	(No symbol) [0x00007FF6202FE4D1]
	GetHandleVerifier [0x00007FF620816F8D+3711213]
	GetHandleVerifier [0x00007FF6208704CD+4077101]
	GetHandleVerifier [0x00007FF62086865F+4044735]
	GetHandleVerifier [0x00007FF620539736+706710]
	(No symbol) [0x00007FF62041B8DF]
	(No symbol) [0x00007FF620416AC4]
	(No symbol) [0x00007FF620416C1C]
	(No symbol) [0x00007FF6204068D4]
	BaseThreadInitThunk [0x00007FFFE763257D+29]
	RtlUserThreadStart [0x00007FFFE8FCAA58+40]
</msg>
</errors>
</robot>
